a1;411.p1	rpoC2	0.0
a1;411.p2	rpoB	0.0
a1;411.p3	rpoC1	0.0
a1;411.p4	psaB	0.0
a1;411.p5	psbB	0.0
a1;411.p6	atpB	0.0
a1;411.p7	chlN	0.0
a1;411.p8	clpP	4e-136
a1;411.p9	tufA	0.0
a1;411.p10	rpoA	4e-128
a1;411.p11	chlI	0.0
a1;411.p12	psbA	0.0
a1;411.p13	petA	0.0
a1;411.p14	minD	0.0
a1;411.p15	cemA	3e-156
a1;411.p16	ccsA	1e-145
a1;411.p17	chlL	0.0
a1;411.p18	rpl2	0.0
a1;411.p19	rps3	2e-143
a1;411.p20	rps2	1e-150
a1;411.p21	petB	3e-150
a1;411.p23	rpl5	1e-106
a1;411.p24	ycf3	4e-123
a1;411.p25	petD	8e-111
a1;411.p26	rps7	7e-96
a1;411.p27	rpl16	1e-94
a1;411.p28	rpl12	2e-63
a1;411.p29	rps8	8e-80
a1;411.p30	atpE	2e-87
a1;411.p31	rps11	2e-94
a1;411.p32	rps12	9e-85
a1;411.p33	rpl14	2e-83
a1;411.p34	rpl19	1e-77
a1;411.p36	rpl20	4e-67
a1;411.p39	rps14	3e-52
a1;411.p40	rpl23	2e-60
